<?xml version="1.0" encoding="UTF-8"?>
<!-- Generated by org.testng.reporters.JUnitReportReporter -->
<testsuite ignored="0" hostname="Rupan" failures="0" tests="1" name="org.testing.testScripts.TC2_GetAllRequest" time="0.112" errors="0" timestamp="25 Aug. 2023 13:26:52 GMT" skipped="0">
  <testcase classname="org.testing.testScripts.TC2_GetAllRequest" name="testcase2" time="0.112"/>
</testsuite> <!-- org.testing.testScripts.TC2_GetAllRequest -->
